<?xml version="1.0" encoding="UTF-8"?>
<!-- Generated by org.testng.reporters.JUnitXMLReporter -->
<testsuite hostname="Chinnu" ignored="11" name="Default test" tests="1" failures="0" timestamp="13 Apr 2020 06:35:53 GMT" time="21.46" errors="0">
  <testcase name="TC12_IRCTC_alert" time="7.11" classname="com.TestScripts.TestScripts"/>
  <testcase name="TC6_list" time="0.0" classname="com.TestScripts.TestScripts">
    <ignored/>
  </testcase> <!-- TC6_list -->
  <testcase name="TC4_dropdown" time="0.0" classname="com.TestScripts.TestScripts">
    <ignored/>
  </testcase> <!-- TC4_dropdown -->
  <testcase name="TC8_Alert" time="0.0" classname="com.TestScripts.TestScripts">
    <ignored/>
  </testcase> <!-- TC8_Alert -->
  <testcase name="TC10_WebTable" time="0.0" classname="com.TestScripts.TestScripts">
    <ignored/>
  </testcase> <!-- TC10_WebTable -->
  <testcase name="TC9_Facebook_MN_EMID" time="0.0" classname="com.TestScripts.TestScripts">
    <ignored/>
  </testcase> <!-- TC9_Facebook_MN_EMID -->
  <testcase name="TC7_multipleWindow" time="0.0" classname="com.TestScripts.TestScripts">
    <ignored/>
  </testcase> <!-- TC7_multipleWindow -->
  <testcase name="TC11_Actions" time="0.0" classname="com.TestScripts.TestScripts">
    <ignored/>
  </testcase> <!-- TC11_Actions -->
  <testcase name="TC3_textbox_radioButton" time="0.0" classname="com.TestScripts.TestScripts">
    <ignored/>
  </testcase> <!-- TC3_textbox_radioButton -->
  <testcase name="TC5_AllLinks" time="0.0" classname="com.TestScripts.TestScripts">
    <ignored/>
  </testcase> <!-- TC5_AllLinks -->
  <testcase name="Tc1" time="0.0" classname="com.TestScripts.TestScripts">
    <ignored/>
  </testcase> <!-- Tc1 -->
  <testcase name="TestCase2" time="0.0" classname="com.TestScripts.TestScripts">
    <ignored/>
  </testcase> <!-- TestCase2 -->
</testsuite> <!-- Default test -->
