<?xml version="1.0" encoding="UTF-8"?>
<!-- Generated by org.testng.reporters.JUnitXMLReporter -->
<testsuite hostname="Chinnu" ignored="0" name="Test" tests="12" failures="0" timestamp="15 Apr 2020 17:51:45 GMT" time="214.345" errors="0">
  <testcase name="TC10_WebTable" time="2.893" classname="com.TestScripts.TestScripts"/>
  <testcase name="TC11_Actions" time="13.725" classname="com.TestScripts.TestScripts"/>
  <testcase name="TC12_IRCTC_alert" time="9.344" classname="com.TestScripts.TestScripts"/>
  <testcase name="TC3_textbox_radioButton" time="9.663" classname="com.TestScripts.TestScripts"/>
  <testcase name="TC4_dropdown" time="10.701" classname="com.TestScripts.TestScripts"/>
  <testcase name="TC5_AllLinks" time="8.626" classname="com.TestScripts.TestScripts"/>
  <testcase name="TC6_list" time="0.0" classname="com.TestScripts.TestScripts"/>
  <testcase name="TC7_multipleWindow" time="14.676" classname="com.TestScripts.TestScripts"/>
  <testcase name="TC8_Alert" time="3.274" classname="com.TestScripts.TestScripts"/>
  <testcase name="TC9_Facebook_MN_EMID" time="8.309" classname="com.TestScripts.TestScripts"/>
  <testcase name="Tc1" time="3.264" classname="com.TestScripts.TestScripts"/>
  <testcase name="TestCase2" time="11.976" classname="com.TestScripts.TestScripts"/>
</testsuite> <!-- Test -->
